
*** Running vivado
    with args -log FPGA_CPU_32_bits_cache.vdi -applog -m64 -product Vivado -messageDb vivado.pb -mode batch -source FPGA_CPU_32_bits_cache.tcl -notrace


****** Vivado v2023.1 (64-bit)
  **** SW Build 3865809 on Sun May  7 15:04:56 MDT 2023
  **** IP Build 3864474 on Sun May  7 20:36:21 MDT 2023
  **** SharedData Build 3865790 on Sun May 07 13:33:03 MDT 2023
    ** Copyright 1986-2022 Xilinx, Inc. All Rights Reserved.
    ** Copyright 2022-2023 Advanced Micro Devices, Inc. All Rights Reserved.

source FPGA_CPU_32_bits_cache.tcl -notrace
create_project: Time (s): cpu = 00:00:06 ; elapsed = 00:00:06 . Memory (MB): peak = 1285.223 ; gain = 12.023 ; free physical = 1841 ; free virtual = 18257
Command: link_design -top FPGA_CPU_32_bits_cache -part xc7a100tcsg324-1
Design is defaulting to srcset: sources_1
Design is defaulting to constrset: constrs_1
INFO: [Device 21-403] Loading part xc7a100tcsg324-1
INFO: [Project 1-454] Reading design checkpoint '/home/graham/Documents/src/FPGA_CPU_32_DDR_cache/FPGA_CPU_32_DDR_cache.runs/impl_1/.Xil/Vivado-104442-archlinux/clk_wiz_0_1/clk_wiz_0.dcp' for cell 'mem_read_write/clk_wiz_0'
INFO: [Project 1-454] Reading design checkpoint '/home/graham/Documents/src/FPGA_CPU_32_DDR_cache/FPGA_CPU_32_DDR_cache.srcs/sources_1/ip/mig_7series_0/mig_7series_0.dcp' for cell 'mem_read_write/ddr2_control/mig_7series_0'
Netlist sorting complete. Time (s): cpu = 00:00:00.08 ; elapsed = 00:00:00.08 . Memory (MB): peak = 1695.840 ; gain = 0.000 ; free physical = 1405 ; free virtual = 17821
INFO: [Netlist 29-17] Analyzing 693 Unisim elements for replacement
INFO: [Netlist 29-28] Unisim Transformation completed in 0 CPU seconds
INFO: [Project 1-479] Netlist was created with Vivado 2023.1
INFO: [Project 1-570] Preparing netlist for logic optimization
Parsing XDC File [/home/graham/Documents/src/FPGA_CPU_32_DDR_cache/FPGA_CPU_32_DDR_cache.srcs/sources_1/ip/clk_wiz_0_1/clk_wiz_0_board.xdc] for cell 'mem_read_write/clk_wiz_0/inst'
Finished Parsing XDC File [/home/graham/Documents/src/FPGA_CPU_32_DDR_cache/FPGA_CPU_32_DDR_cache.srcs/sources_1/ip/clk_wiz_0_1/clk_wiz_0_board.xdc] for cell 'mem_read_write/clk_wiz_0/inst'
Parsing XDC File [/home/graham/Documents/src/FPGA_CPU_32_DDR_cache/FPGA_CPU_32_DDR_cache.srcs/sources_1/ip/clk_wiz_0_1/clk_wiz_0.xdc] for cell 'mem_read_write/clk_wiz_0/inst'
Finished Parsing XDC File [/home/graham/Documents/src/FPGA_CPU_32_DDR_cache/FPGA_CPU_32_DDR_cache.srcs/sources_1/ip/clk_wiz_0_1/clk_wiz_0.xdc] for cell 'mem_read_write/clk_wiz_0/inst'
Parsing XDC File [/home/graham/Documents/src/FPGA_CPU_32_DDR_cache/FPGA_CPU_32_DDR_cache.srcs/sources_1/ip/mig_7series_0/mig_7series_0/user_design/constraints/mig_7series_0.xdc] for cell 'mem_read_write/ddr2_control/mig_7series_0'
Finished Parsing XDC File [/home/graham/Documents/src/FPGA_CPU_32_DDR_cache/FPGA_CPU_32_DDR_cache.srcs/sources_1/ip/mig_7series_0/mig_7series_0/user_design/constraints/mig_7series_0.xdc] for cell 'mem_read_write/ddr2_control/mig_7series_0'
Parsing XDC File [/home/graham/Documents/src/FPGA_CPU_32_DDR_cache/FPGA_CPU_32_DDR_cache.srcs/constrs_1/imports/new/nexys_ddr.xdc]
Finished Parsing XDC File [/home/graham/Documents/src/FPGA_CPU_32_DDR_cache/FPGA_CPU_32_DDR_cache.srcs/constrs_1/imports/new/nexys_ddr.xdc]
Parsing XDC File [/home/graham/Documents/src/FPGA_CPU_32_DDR_cache/FPGA_CPU_32_DDR_cache.srcs/sources_1/ip/clk_wiz_0_1/clk_wiz_0_late.xdc] for cell 'mem_read_write/clk_wiz_0/inst'
Finished Parsing XDC File [/home/graham/Documents/src/FPGA_CPU_32_DDR_cache/FPGA_CPU_32_DDR_cache.srcs/sources_1/ip/clk_wiz_0_1/clk_wiz_0_late.xdc] for cell 'mem_read_write/clk_wiz_0/inst'
INFO: [Opt 31-138] Pushed 0 inverter(s) to 0 load pin(s).
Netlist sorting complete. Time (s): cpu = 00:00:00 ; elapsed = 00:00:00 . Memory (MB): peak = 1890.023 ; gain = 0.000 ; free physical = 1271 ; free virtual = 17687
INFO: [Project 1-111] Unisim Transformation Summary:
  A total of 285 instances were transformed.
  IOBUFDS_INTERMDISABLE => IOBUFDS_INTERMDISABLE (IBUFDS_INTERMDISABLE_INT(x2), INV, OBUFTDS(x2)): 2 instances
  IOBUF_INTERMDISABLE => IOBUF_INTERMDISABLE (IBUF_INTERMDISABLE, OBUFT): 16 instances
  OBUFDS => OBUFDS_DUAL_BUF (INV, OBUFDS(x2)): 1 instance 
  RAM256X1S => RAM256X1S (MUXF7(x2), MUXF8, RAMS64E(x4)): 176 instances
  RAM32M => RAM32M (RAMD32(x6), RAMS32(x2)): 88 instances
  RAM32X1D => RAM32X1D (RAMD32(x2)): 2 instances

9 Infos, 0 Warnings, 0 Critical Warnings and 0 Errors encountered.
link_design completed successfully
link_design: Time (s): cpu = 00:00:06 ; elapsed = 00:00:06 . Memory (MB): peak = 1890.023 ; gain = 554.035 ; free physical = 1271 ; free virtual = 17687
Command: opt_design
Attempting to get a license for feature 'Implementation' and/or device 'xc7a100t'
INFO: [Common 17-349] Got license for feature 'Implementation' and/or device 'xc7a100t'
Running DRC as a precondition to command opt_design

Starting DRC Task
INFO: [DRC 23-27] Running DRC with 8 threads
INFO: [Project 1-461] DRC finished with 0 Errors
INFO: [Project 1-462] Please refer to the DRC report (report_drc) for more information.

Time (s): cpu = 00:00:01 ; elapsed = 00:00:00.78 . Memory (MB): peak = 1971.898 ; gain = 81.875 ; free physical = 1240 ; free virtual = 17657

Starting Cache Timing Information Task
INFO: [Timing 38-35] Done setting XDC timing constraints.
INFO: [Timing 38-2] Deriving generated clocks
Ending Cache Timing Information Task | Checksum: 1a6844407

Time (s): cpu = 00:00:06 ; elapsed = 00:00:06 . Memory (MB): peak = 2474.758 ; gain = 502.859 ; free physical = 819 ; free virtual = 17236

Starting Logic Optimization Task

Phase 1 Retarget
INFO: [Opt 31-1566] Pulled 75 inverters resulting in an inversion of 909 pins
INFO: [Opt 31-138] Pushed 8 inverter(s) to 8 load pin(s).
INFO: [Opt 31-49] Retargeted 0 cell(s).
Phase 1 Retarget | Checksum: 16b426961

Time (s): cpu = 00:00:00.87 ; elapsed = 00:00:00.48 . Memory (MB): peak = 2760.617 ; gain = 0.000 ; free physical = 543 ; free virtual = 16960
INFO: [Opt 31-389] Phase Retarget created 42 cells and removed 288 cells
INFO: [Opt 31-1021] In phase Retarget, 19 netlist objects are constrained preventing optimization. Please run opt_design with -debug_log to get more detail. 

Phase 2 Constant propagation
INFO: [Opt 31-138] Pushed 1 inverter(s) to 1 load pin(s).
Phase 2 Constant propagation | Checksum: 14bdafab7

Time (s): cpu = 00:00:00.97 ; elapsed = 00:00:00.58 . Memory (MB): peak = 2760.617 ; gain = 0.000 ; free physical = 543 ; free virtual = 16960
INFO: [Opt 31-389] Phase Constant propagation created 23 cells and removed 63 cells

Phase 3 Sweep
Phase 3 Sweep | Checksum: 1a032958e

Time (s): cpu = 00:00:01 ; elapsed = 00:00:00.73 . Memory (MB): peak = 2760.617 ; gain = 0.000 ; free physical = 543 ; free virtual = 16960
INFO: [Opt 31-389] Phase Sweep created 0 cells and removed 173 cells

Phase 4 BUFG optimization
Phase 4 BUFG optimization | Checksum: 1fd21a4a9

Time (s): cpu = 00:00:01 ; elapsed = 00:00:00.81 . Memory (MB): peak = 2792.633 ; gain = 32.016 ; free physical = 543 ; free virtual = 16960
INFO: [Opt 31-662] Phase BUFG optimization created 0 cells of which 0 are BUFGs and removed 0 cells.

Phase 5 Shift Register Optimization
INFO: [Opt 31-1064] SRL Remap converted 0 SRLs to 0 registers and converted 0 registers of register chains to 0 SRLs
Phase 5 Shift Register Optimization | Checksum: 1a29bb625

Time (s): cpu = 00:00:01 ; elapsed = 00:00:01 . Memory (MB): peak = 2792.633 ; gain = 32.016 ; free physical = 543 ; free virtual = 16960
INFO: [Opt 31-389] Phase Shift Register Optimization created 0 cells and removed 0 cells

Phase 6 Post Processing Netlist
INFO: [Opt 31-1566] Pulled 1 inverters resulting in an inversion of 5 pins
Phase 6 Post Processing Netlist | Checksum: 1b69a6a8c

Time (s): cpu = 00:00:02 ; elapsed = 00:00:01 . Memory (MB): peak = 2792.633 ; gain = 32.016 ; free physical = 543 ; free virtual = 16960
INFO: [Opt 31-389] Phase Post Processing Netlist created 0 cells and removed 1 cells
INFO: [Opt 31-1021] In phase Post Processing Netlist, 1 netlist objects are constrained preventing optimization. Please run opt_design with -debug_log to get more detail. 
Opt_design Change Summary
=========================


-------------------------------------------------------------------------------------------------------------------------
|  Phase                        |  #Cells created  |  #Cells Removed  |  #Constrained objects preventing optimizations  |
-------------------------------------------------------------------------------------------------------------------------
|  Retarget                     |              42  |             288  |                                             19  |
|  Constant propagation         |              23  |              63  |                                              0  |
|  Sweep                        |               0  |             173  |                                              0  |
|  BUFG optimization            |               0  |               0  |                                              0  |
|  Shift Register Optimization  |               0  |               0  |                                              0  |
|  Post Processing Netlist      |               0  |               1  |                                              1  |
-------------------------------------------------------------------------------------------------------------------------



Starting Connectivity Check Task

Time (s): cpu = 00:00:00.01 ; elapsed = 00:00:00.01 . Memory (MB): peak = 2792.633 ; gain = 0.000 ; free physical = 543 ; free virtual = 16960
Ending Logic Optimization Task | Checksum: 280222262

Time (s): cpu = 00:00:02 ; elapsed = 00:00:01 . Memory (MB): peak = 2792.633 ; gain = 32.016 ; free physical = 543 ; free virtual = 16960

Starting Power Optimization Task
INFO: [Pwropt 34-132] Skipping clock gating for clocks with a period < 2.00 ns.
INFO: [Timing 38-35] Done setting XDC timing constraints.
Running Vector-less Activity Propagation...

Finished Running Vector-less Activity Propagation
INFO: [Pwropt 34-9] Applying IDT optimizations ...
INFO: [Pwropt 34-10] Applying ODC optimizations ...


Starting PowerOpt Patch Enables Task
INFO: [Pwropt 34-162] WRITE_MODE attribute of 0 BRAM(s) out of a total of 32 has been updated to save power. Run report_power_opt to get a complete listing of the BRAMs updated.
INFO: [Pwropt 34-201] Structural ODC has moved 0 WE to EN ports
Number of BRAM Ports augmented: 31 newly gated: 0 Total Ports: 64
Ending PowerOpt Patch Enables Task | Checksum: 1f6cbeb2f

Time (s): cpu = 00:00:00.12 ; elapsed = 00:00:00.13 . Memory (MB): peak = 3151.758 ; gain = 0.000 ; free physical = 291 ; free virtual = 16710
Ending Power Optimization Task | Checksum: 1f6cbeb2f

Time (s): cpu = 00:00:06 ; elapsed = 00:00:03 . Memory (MB): peak = 3151.758 ; gain = 359.125 ; free physical = 291 ; free virtual = 16710

Starting Final Cleanup Task

Starting Logic Optimization Task
INFO: [Timing 38-35] Done setting XDC timing constraints.
Ending Logic Optimization Task | Checksum: 209a4fb5b

Time (s): cpu = 00:00:01 ; elapsed = 00:00:00.64 . Memory (MB): peak = 3151.758 ; gain = 0.000 ; free physical = 292 ; free virtual = 16711
Ending Final Cleanup Task | Checksum: 209a4fb5b

Time (s): cpu = 00:00:03 ; elapsed = 00:00:03 . Memory (MB): peak = 3151.758 ; gain = 0.000 ; free physical = 292 ; free virtual = 16711

Starting Netlist Obfuscation Task
Netlist sorting complete. Time (s): cpu = 00:00:00 ; elapsed = 00:00:00 . Memory (MB): peak = 3151.758 ; gain = 0.000 ; free physical = 292 ; free virtual = 16711
Ending Netlist Obfuscation Task | Checksum: 209a4fb5b

Time (s): cpu = 00:00:00.01 ; elapsed = 00:00:00 . Memory (MB): peak = 3151.758 ; gain = 0.000 ; free physical = 292 ; free virtual = 16711
INFO: [Common 17-83] Releasing license: Implementation
37 Infos, 0 Warnings, 0 Critical Warnings and 0 Errors encountered.
opt_design completed successfully
opt_design: Time (s): cpu = 00:00:19 ; elapsed = 00:00:15 . Memory (MB): peak = 3151.758 ; gain = 1261.734 ; free physical = 292 ; free virtual = 16711
INFO: [runtcl-4] Executing : report_drc -file FPGA_CPU_32_bits_cache_drc_opted.rpt -pb FPGA_CPU_32_bits_cache_drc_opted.pb -rpx FPGA_CPU_32_bits_cache_drc_opted.rpx
Command: report_drc -file FPGA_CPU_32_bits_cache_drc_opted.rpt -pb FPGA_CPU_32_bits_cache_drc_opted.pb -rpx FPGA_CPU_32_bits_cache_drc_opted.rpx
INFO: [IP_Flow 19-1839] IP Catalog is up to date.
INFO: [DRC 23-27] Running DRC with 8 threads
INFO: [Vivado_Tcl 2-168] The results of DRC are in file /home/graham/Documents/src/FPGA_CPU_32_DDR_cache/FPGA_CPU_32_DDR_cache.runs/impl_1/FPGA_CPU_32_bits_cache_drc_opted.rpt.
report_drc completed successfully
INFO: [Timing 38-35] Done setting XDC timing constraints.
INFO: [Timing 38-480] Writing timing data to binary archive.
Writing XDEF routing.
Writing XDEF routing logical nets.
Writing XDEF routing special nets.
Write XDEF Complete: Time (s): cpu = 00:00:00.45 ; elapsed = 00:00:00.11 . Memory (MB): peak = 3158.867 ; gain = 0.000 ; free physical = 278 ; free virtual = 16701
INFO: [Common 17-1381] The checkpoint '/home/graham/Documents/src/FPGA_CPU_32_DDR_cache/FPGA_CPU_32_DDR_cache.runs/impl_1/FPGA_CPU_32_bits_cache_opt.dcp' has been generated.
Command: place_design
Attempting to get a license for feature 'Implementation' and/or device 'xc7a100t'
INFO: [Common 17-349] Got license for feature 'Implementation' and/or device 'xc7a100t'
INFO: [DRC 23-27] Running DRC with 8 threads
INFO: [Vivado_Tcl 4-198] DRC finished with 0 Errors
INFO: [Vivado_Tcl 4-199] Please refer to the DRC report (report_drc) for more information.
Running DRC as a precondition to command place_design
INFO: [DRC 23-27] Running DRC with 8 threads
INFO: [Vivado_Tcl 4-198] DRC finished with 0 Errors
INFO: [Vivado_Tcl 4-199] Please refer to the DRC report (report_drc) for more information.

Starting Placer Task
INFO: [Place 30-611] Multithreading enabled for place_design using a maximum of 8 CPUs

Phase 1 Placer Initialization

Phase 1.1 Placer Initialization Netlist Sorting
Netlist sorting complete. Time (s): cpu = 00:00:00 ; elapsed = 00:00:00.01 . Memory (MB): peak = 3158.867 ; gain = 0.000 ; free physical = 266 ; free virtual = 16689
Phase 1.1 Placer Initialization Netlist Sorting | Checksum: 1b3aabdee

Time (s): cpu = 00:00:00.01 ; elapsed = 00:00:00.01 . Memory (MB): peak = 3158.867 ; gain = 0.000 ; free physical = 266 ; free virtual = 16689
Netlist sorting complete. Time (s): cpu = 00:00:00 ; elapsed = 00:00:00 . Memory (MB): peak = 3158.867 ; gain = 0.000 ; free physical = 266 ; free virtual = 16689

Phase 1.2 IO Placement/ Clock Placement/ Build Placer Device
Phase 1.2 IO Placement/ Clock Placement/ Build Placer Device | Checksum: a3360d33

Time (s): cpu = 00:00:01 ; elapsed = 00:00:00.59 . Memory (MB): peak = 3158.867 ; gain = 0.000 ; free physical = 265 ; free virtual = 16689

Phase 1.3 Build Placer Netlist Model
Phase 1.3 Build Placer Netlist Model | Checksum: 199c6a4ed

Time (s): cpu = 00:00:05 ; elapsed = 00:00:03 . Memory (MB): peak = 3158.867 ; gain = 0.000 ; free physical = 260 ; free virtual = 16683

Phase 1.4 Constrain Clocks/Macros
Phase 1.4 Constrain Clocks/Macros | Checksum: 199c6a4ed

Time (s): cpu = 00:00:05 ; elapsed = 00:00:03 . Memory (MB): peak = 3158.867 ; gain = 0.000 ; free physical = 260 ; free virtual = 16683
Phase 1 Placer Initialization | Checksum: 199c6a4ed

Time (s): cpu = 00:00:05 ; elapsed = 00:00:03 . Memory (MB): peak = 3158.867 ; gain = 0.000 ; free physical = 260 ; free virtual = 16683

Phase 2 Global Placement

Phase 2.1 Floorplanning
Phase 2.1 Floorplanning | Checksum: 1556271fb

Time (s): cpu = 00:00:07 ; elapsed = 00:00:03 . Memory (MB): peak = 3158.867 ; gain = 0.000 ; free physical = 253 ; free virtual = 16677

Phase 2.2 Update Timing before SLR Path Opt
Phase 2.2 Update Timing before SLR Path Opt | Checksum: 19f7f02d6

Time (s): cpu = 00:00:09 ; elapsed = 00:00:04 . Memory (MB): peak = 3158.867 ; gain = 0.000 ; free physical = 253 ; free virtual = 16677

Phase 2.3 Post-Processing in Floorplanning
Phase 2.3 Post-Processing in Floorplanning | Checksum: 19f7f02d6

Time (s): cpu = 00:00:09 ; elapsed = 00:00:04 . Memory (MB): peak = 3158.867 ; gain = 0.000 ; free physical = 253 ; free virtual = 16677

Phase 2.4 Global Placement Core

Phase 2.4.1 UpdateTiming Before Physical Synthesis
Phase 2.4.1 UpdateTiming Before Physical Synthesis | Checksum: 18083e5b6

Time (s): cpu = 00:00:23 ; elapsed = 00:00:12 . Memory (MB): peak = 3158.867 ; gain = 0.000 ; free physical = 267 ; free virtual = 16690

Phase 2.4.2 Physical Synthesis In Placer
INFO: [Physopt 32-1035] Found 0 LUTNM shape to break, 693 LUT instances to create LUTNM shape
INFO: [Physopt 32-1044] Break lutnm for timing: one critical 0, two critical 0, total 0, new lutff created 0
INFO: [Physopt 32-1138] End 1 Pass. Optimized 304 nets or LUTs. Breaked 0 LUT, combined 304 existing LUTs and moved 0 existing LUT
INFO: [Physopt 32-65] No nets found for high-fanout optimization.
INFO: [Physopt 32-232] Optimized 0 net. Created 0 new instance.
INFO: [Physopt 32-775] End 1 Pass. Optimized 0 net or cell. Created 0 new cell, deleted 0 existing cell and moved 0 existing cell
INFO: [Physopt 32-456] No candidate cells for DSP register optimization found in the design.
INFO: [Physopt 32-775] End 2 Pass. Optimized 0 net or cell. Created 0 new cell, deleted 0 existing cell and moved 0 existing cell
INFO: [Physopt 32-1123] No candidate cells found for Shift Register to Pipeline optimization
INFO: [Physopt 32-775] End 2 Pass. Optimized 0 net or cell. Created 0 new cell, deleted 0 existing cell and moved 0 existing cell
INFO: [Physopt 32-677] No candidate cells for Shift Register optimization found in the design
INFO: [Physopt 32-775] End 1 Pass. Optimized 0 net or cell. Created 0 new cell, deleted 0 existing cell and moved 0 existing cell
INFO: [Physopt 32-526] No candidate cells for BRAM register optimization found in the design
INFO: [Physopt 32-775] End 1 Pass. Optimized 0 net or cell. Created 0 new cell, deleted 0 existing cell and moved 0 existing cell
INFO: [Physopt 32-846] No candidate cells for URAM register optimization found in the design
INFO: [Physopt 32-775] End 1 Pass. Optimized 0 net or cell. Created 0 new cell, deleted 0 existing cell and moved 0 existing cell
INFO: [Physopt 32-846] No candidate cells for URAM register optimization found in the design
INFO: [Physopt 32-775] End 1 Pass. Optimized 0 net or cell. Created 0 new cell, deleted 0 existing cell and moved 0 existing cell
INFO: [Physopt 32-949] No candidate nets found for dynamic/static region interface net replication
INFO: [Physopt 32-775] End 1 Pass. Optimized 0 net or cell. Created 0 new cell, deleted 0 existing cell and moved 0 existing cell
Netlist sorting complete. Time (s): cpu = 00:00:00 ; elapsed = 00:00:00.01 . Memory (MB): peak = 3158.867 ; gain = 0.000 ; free physical = 267 ; free virtual = 16690

Summary of Physical Synthesis Optimizations
============================================


-----------------------------------------------------------------------------------------------------------------------------------------------------------
|  Optimization                                     |  Added Cells  |  Removed Cells  |  Optimized Cells/Nets  |  Dont Touch  |  Iterations  |  Elapsed   |
-----------------------------------------------------------------------------------------------------------------------------------------------------------
|  LUT Combining                                    |            0  |            304  |                   304  |           0  |           1  |  00:00:00  |
|  Retime                                           |            0  |              0  |                     0  |           0  |           1  |  00:00:00  |
|  Very High Fanout                                 |            0  |              0  |                     0  |           0  |           1  |  00:00:00  |
|  DSP Register                                     |            0  |              0  |                     0  |           0  |           1  |  00:00:00  |
|  Shift Register to Pipeline                       |            0  |              0  |                     0  |           0  |           1  |  00:00:00  |
|  Shift Register                                   |            0  |              0  |                     0  |           0  |           1  |  00:00:00  |
|  BRAM Register                                    |            0  |              0  |                     0  |           0  |           1  |  00:00:00  |
|  URAM Register                                    |            0  |              0  |                     0  |           0  |           1  |  00:00:00  |
|  Dynamic/Static Region Interface Net Replication  |            0  |              0  |                     0  |           0  |           1  |  00:00:00  |
|  Total                                            |            0  |            304  |                   304  |           0  |           9  |  00:00:00  |
-----------------------------------------------------------------------------------------------------------------------------------------------------------


Phase 2.4.2 Physical Synthesis In Placer | Checksum: 2a6f39d98

Time (s): cpu = 00:00:26 ; elapsed = 00:00:14 . Memory (MB): peak = 3158.867 ; gain = 0.000 ; free physical = 267 ; free virtual = 16690
Phase 2.4 Global Placement Core | Checksum: 2433d2cce

Time (s): cpu = 00:00:27 ; elapsed = 00:00:14 . Memory (MB): peak = 3158.867 ; gain = 0.000 ; free physical = 267 ; free virtual = 16690
Phase 2 Global Placement | Checksum: 2433d2cce

Time (s): cpu = 00:00:27 ; elapsed = 00:00:14 . Memory (MB): peak = 3158.867 ; gain = 0.000 ; free physical = 267 ; free virtual = 16690

Phase 3 Detail Placement

Phase 3.1 Commit Multi Column Macros
Phase 3.1 Commit Multi Column Macros | Checksum: 22ce0ead6

Time (s): cpu = 00:00:28 ; elapsed = 00:00:15 . Memory (MB): peak = 3158.867 ; gain = 0.000 ; free physical = 267 ; free virtual = 16689

Phase 3.2 Commit Most Macros & LUTRAMs
Phase 3.2 Commit Most Macros & LUTRAMs | Checksum: 1b3215000

Time (s): cpu = 00:00:32 ; elapsed = 00:00:16 . Memory (MB): peak = 3158.867 ; gain = 0.000 ; free physical = 267 ; free virtual = 16689

Phase 3.3 Area Swap Optimization
Phase 3.3 Area Swap Optimization | Checksum: 1d7e205de

Time (s): cpu = 00:00:32 ; elapsed = 00:00:16 . Memory (MB): peak = 3158.867 ; gain = 0.000 ; free physical = 267 ; free virtual = 16689

Phase 3.4 Pipeline Register Optimization
Phase 3.4 Pipeline Register Optimization | Checksum: 1ca634735

Time (s): cpu = 00:00:32 ; elapsed = 00:00:16 . Memory (MB): peak = 3158.867 ; gain = 0.000 ; free physical = 267 ; free virtual = 16689

Phase 3.5 Fast Optimization
Phase 3.5 Fast Optimization | Checksum: 19fcd1f46

Time (s): cpu = 00:00:37 ; elapsed = 00:00:18 . Memory (MB): peak = 3158.867 ; gain = 0.000 ; free physical = 265 ; free virtual = 16688

Phase 3.6 Small Shape Detail Placement
Phase 3.6 Small Shape Detail Placement | Checksum: 24eeb25a2

Time (s): cpu = 00:00:39 ; elapsed = 00:00:21 . Memory (MB): peak = 3158.867 ; gain = 0.000 ; free physical = 264 ; free virtual = 16687

Phase 3.7 Re-assign LUT pins
Phase 3.7 Re-assign LUT pins | Checksum: 1ea60cf80

Time (s): cpu = 00:00:40 ; elapsed = 00:00:21 . Memory (MB): peak = 3158.867 ; gain = 0.000 ; free physical = 264 ; free virtual = 16687

Phase 3.8 Pipeline Register Optimization
Phase 3.8 Pipeline Register Optimization | Checksum: 2751021f0

Time (s): cpu = 00:00:40 ; elapsed = 00:00:21 . Memory (MB): peak = 3158.867 ; gain = 0.000 ; free physical = 264 ; free virtual = 16687

Phase 3.9 Fast Optimization
Phase 3.9 Fast Optimization | Checksum: 104b439a1

Time (s): cpu = 00:00:46 ; elapsed = 00:00:24 . Memory (MB): peak = 3158.867 ; gain = 0.000 ; free physical = 263 ; free virtual = 16686
Phase 3 Detail Placement | Checksum: 104b439a1

Time (s): cpu = 00:00:46 ; elapsed = 00:00:24 . Memory (MB): peak = 3158.867 ; gain = 0.000 ; free physical = 263 ; free virtual = 16686

Phase 4 Post Placement Optimization and Clean-Up

Phase 4.1 Post Commit Optimization
INFO: [Timing 38-35] Done setting XDC timing constraints.

Phase 4.1.1 Post Placement Optimization
Post Placement Optimization Initialization | Checksum: 16b16d7df

Phase 4.1.1.1 BUFG Insertion

Starting Physical Synthesis Task

Phase 1 Physical Synthesis Initialization
INFO: [Physopt 32-721] Multithreading enabled for phys_opt_design using a maximum of 8 CPUs
INFO: [Physopt 32-619] Estimated Timing Summary | WNS=-0.215 | TNS=-2.237 |
Phase 1 Physical Synthesis Initialization | Checksum: 158b00f4c

Time (s): cpu = 00:00:01 ; elapsed = 00:00:00.75 . Memory (MB): peak = 3158.867 ; gain = 0.000 ; free physical = 259 ; free virtual = 16682
INFO: [Place 46-56] BUFG insertion identified 0 candidate nets. Inserted BUFG: 0, Replicated BUFG Driver: 0, Skipped due to Placement/Routing Conflicts: 0, Skipped due to Timing Degradation: 0, Skipped due to netlist editing failed: 0.
Ending Physical Synthesis Task | Checksum: 158b00f4c

Time (s): cpu = 00:00:02 ; elapsed = 00:00:00.91 . Memory (MB): peak = 3158.867 ; gain = 0.000 ; free physical = 259 ; free virtual = 16682
Phase 4.1.1.1 BUFG Insertion | Checksum: 16b16d7df

Time (s): cpu = 00:00:54 ; elapsed = 00:00:27 . Memory (MB): peak = 3158.867 ; gain = 0.000 ; free physical = 259 ; free virtual = 16682

Phase 4.1.1.2 Post Placement Timing Optimization
INFO: [Place 30-746] Post Placement Timing Summary WNS=0.555. For the most accurate timing information please run report_timing.
Phase 4.1.1.2 Post Placement Timing Optimization | Checksum: 1d2ffb30d

Time (s): cpu = 00:00:56 ; elapsed = 00:00:29 . Memory (MB): peak = 3158.867 ; gain = 0.000 ; free physical = 272 ; free virtual = 16695

Time (s): cpu = 00:00:56 ; elapsed = 00:00:29 . Memory (MB): peak = 3158.867 ; gain = 0.000 ; free physical = 272 ; free virtual = 16695
Phase 4.1 Post Commit Optimization | Checksum: 1d2ffb30d

Time (s): cpu = 00:00:57 ; elapsed = 00:00:29 . Memory (MB): peak = 3158.867 ; gain = 0.000 ; free physical = 272 ; free virtual = 16695

Phase 4.2 Post Placement Cleanup
Phase 4.2 Post Placement Cleanup | Checksum: 1d2ffb30d

Time (s): cpu = 00:00:57 ; elapsed = 00:00:29 . Memory (MB): peak = 3158.867 ; gain = 0.000 ; free physical = 272 ; free virtual = 16695

Phase 4.3 Placer Reporting

Phase 4.3.1 Print Estimated Congestion
INFO: [Place 30-612] Post-Placement Estimated Congestion 
 ____________________________________________________
|           | Global Congestion | Short Congestion  |
| Direction | Region Size       | Region Size       |
|___________|___________________|___________________|
|      North|                1x1|                4x4|
|___________|___________________|___________________|
|      South|                1x1|                1x1|
|___________|___________________|___________________|
|       East|                1x1|                2x2|
|___________|___________________|___________________|
|       West|                1x1|                1x1|
|___________|___________________|___________________|

Phase 4.3.1 Print Estimated Congestion | Checksum: 1d2ffb30d

Time (s): cpu = 00:00:57 ; elapsed = 00:00:30 . Memory (MB): peak = 3158.867 ; gain = 0.000 ; free physical = 272 ; free virtual = 16695
Phase 4.3 Placer Reporting | Checksum: 1d2ffb30d

Time (s): cpu = 00:00:57 ; elapsed = 00:00:30 . Memory (MB): peak = 3158.867 ; gain = 0.000 ; free physical = 272 ; free virtual = 16695

Phase 4.4 Final Placement Cleanup
Netlist sorting complete. Time (s): cpu = 00:00:00 ; elapsed = 00:00:00 . Memory (MB): peak = 3158.867 ; gain = 0.000 ; free physical = 272 ; free virtual = 16695

Time (s): cpu = 00:00:57 ; elapsed = 00:00:30 . Memory (MB): peak = 3158.867 ; gain = 0.000 ; free physical = 272 ; free virtual = 16695
Phase 4 Post Placement Optimization and Clean-Up | Checksum: e1e11858

Time (s): cpu = 00:00:57 ; elapsed = 00:00:30 . Memory (MB): peak = 3158.867 ; gain = 0.000 ; free physical = 272 ; free virtual = 16695
Ending Placer Task | Checksum: 25f02489

Time (s): cpu = 00:00:57 ; elapsed = 00:00:30 . Memory (MB): peak = 3158.867 ; gain = 0.000 ; free physical = 272 ; free virtual = 16695
INFO: [Common 17-83] Releasing license: Implementation
79 Infos, 0 Warnings, 0 Critical Warnings and 0 Errors encountered.
place_design completed successfully
place_design: Time (s): cpu = 00:00:59 ; elapsed = 00:00:30 . Memory (MB): peak = 3158.867 ; gain = 0.000 ; free physical = 272 ; free virtual = 16695
INFO: [runtcl-4] Executing : report_io -file FPGA_CPU_32_bits_cache_io_placed.rpt
report_io: Time (s): cpu = 00:00:00.07 ; elapsed = 00:00:00.07 . Memory (MB): peak = 3158.867 ; gain = 0.000 ; free physical = 272 ; free virtual = 16695
INFO: [runtcl-4] Executing : report_utilization -file FPGA_CPU_32_bits_cache_utilization_placed.rpt -pb FPGA_CPU_32_bits_cache_utilization_placed.pb
INFO: [runtcl-4] Executing : report_control_sets -verbose -file FPGA_CPU_32_bits_cache_control_sets_placed.rpt
report_control_sets: Time (s): cpu = 00:00:00.05 ; elapsed = 00:00:00.05 . Memory (MB): peak = 3158.867 ; gain = 0.000 ; free physical = 259 ; free virtual = 16682
INFO: [Timing 38-480] Writing timing data to binary archive.
Writing XDEF routing.
Writing XDEF routing logical nets.
Writing XDEF routing special nets.
Write XDEF Complete: Time (s): cpu = 00:00:02 ; elapsed = 00:00:00.91 . Memory (MB): peak = 3158.867 ; gain = 0.000 ; free physical = 239 ; free virtual = 16682
INFO: [Common 17-1381] The checkpoint '/home/graham/Documents/src/FPGA_CPU_32_DDR_cache/FPGA_CPU_32_DDR_cache.runs/impl_1/FPGA_CPU_32_bits_cache_placed.dcp' has been generated.
Command: phys_opt_design
Attempting to get a license for feature 'Implementation' and/or device 'xc7a100t'
INFO: [Common 17-349] Got license for feature 'Implementation' and/or device 'xc7a100t'

Starting Initial Update Timing Task

Time (s): cpu = 00:00:05 ; elapsed = 00:00:02 . Memory (MB): peak = 3158.867 ; gain = 0.000 ; free physical = 249 ; free virtual = 16678
INFO: [Vivado_Tcl 4-383] Design worst setup slack (WNS) is greater than or equal to 0.000 ns. Skipping all physical synthesis optimizations.
INFO: [Vivado_Tcl 4-232] No setup violation found. The netlist was not modified.
INFO: [Common 17-83] Releasing license: Implementation
88 Infos, 0 Warnings, 0 Critical Warnings and 0 Errors encountered.
phys_opt_design completed successfully
INFO: [Timing 38-480] Writing timing data to binary archive.
Writing XDEF routing.
Writing XDEF routing logical nets.
Writing XDEF routing special nets.
Write XDEF Complete: Time (s): cpu = 00:00:02 ; elapsed = 00:00:00.92 . Memory (MB): peak = 3158.867 ; gain = 0.000 ; free physical = 231 ; free virtual = 16679
INFO: [Common 17-1381] The checkpoint '/home/graham/Documents/src/FPGA_CPU_32_DDR_cache/FPGA_CPU_32_DDR_cache.runs/impl_1/FPGA_CPU_32_bits_cache_physopt.dcp' has been generated.
Command: route_design
Attempting to get a license for feature 'Implementation' and/or device 'xc7a100t'
INFO: [Common 17-349] Got license for feature 'Implementation' and/or device 'xc7a100t'
Running DRC as a precondition to command route_design
INFO: [DRC 23-27] Running DRC with 8 threads
INFO: [Vivado_Tcl 4-198] DRC finished with 0 Errors
INFO: [Vivado_Tcl 4-199] Please refer to the DRC report (report_drc) for more information.


Starting Routing Task
INFO: [Route 35-254] Multithreading enabled for route_design using a maximum of 6 CPUs

Phase 1 Build RT Design
Checksum: PlaceDB: 1d1cf20f ConstDB: 0 ShapeSum: 8d3327a RouteDB: 0
Post Restoration Checksum: NetGraph: b1c28fd8 | NumContArr: e28e2a5a | Constraints: 190a55ad | Timing: 0
Phase 1 Build RT Design | Checksum: 1ad5b0fdf

Time (s): cpu = 00:00:26 ; elapsed = 00:00:19 . Memory (MB): peak = 3158.867 ; gain = 0.000 ; free physical = 230 ; free virtual = 16666

Phase 2 Router Initialization

Phase 2.1 Fix Topology Constraints
Phase 2.1 Fix Topology Constraints | Checksum: 1ad5b0fdf

Time (s): cpu = 00:00:26 ; elapsed = 00:00:19 . Memory (MB): peak = 3158.867 ; gain = 0.000 ; free physical = 230 ; free virtual = 16666

Phase 2.2 Pre Route Cleanup
Phase 2.2 Pre Route Cleanup | Checksum: 1ad5b0fdf

Time (s): cpu = 00:00:26 ; elapsed = 00:00:19 . Memory (MB): peak = 3158.867 ; gain = 0.000 ; free physical = 230 ; free virtual = 16666
 Number of Nodes with overlaps = 0

Phase 2.3 Update Timing
Phase 2.3 Update Timing | Checksum: 1452e78f4

Time (s): cpu = 00:00:34 ; elapsed = 00:00:22 . Memory (MB): peak = 3158.867 ; gain = 0.000 ; free physical = 217 ; free virtual = 16653
INFO: [Route 35-416] Intermediate Timing Summary | WNS=0.696  | TNS=0.000  | WHS=-1.340 | THS=-574.119|


Router Utilization Summary
  Global Vertical Routing Utilization    = 0 %
  Global Horizontal Routing Utilization  = 0 %
  Routable Net Status*
  *Does not include unroutable nets such as driverless and loadless.
  Run report_route_status for detailed report.
  Number of Failed Nets               = 11848
    (Failed Nets is the sum of unrouted and partially routed nets)
  Number of Unrouted Nets             = 11848
  Number of Partially Routed Nets     = 0
  Number of Node Overlaps             = 0

Phase 2 Router Initialization | Checksum: 194e06752

Time (s): cpu = 00:00:37 ; elapsed = 00:00:24 . Memory (MB): peak = 3158.867 ; gain = 0.000 ; free physical = 211 ; free virtual = 16647

Phase 3 Initial Routing

Phase 3.1 Global Routing
Phase 3.1 Global Routing | Checksum: 194e06752

Time (s): cpu = 00:00:37 ; elapsed = 00:00:24 . Memory (MB): peak = 3158.867 ; gain = 0.000 ; free physical = 211 ; free virtual = 16647
Phase 3 Initial Routing | Checksum: d41e6724

Time (s): cpu = 00:00:43 ; elapsed = 00:00:25 . Memory (MB): peak = 3158.867 ; gain = 0.000 ; free physical = 194 ; free virtual = 16630

Phase 4 Rip-up And Reroute

Phase 4.1 Global Iteration 0
 Number of Nodes with overlaps = 1782
 Number of Nodes with overlaps = 293
 Number of Nodes with overlaps = 119
 Number of Nodes with overlaps = 36
 Number of Nodes with overlaps = 11
 Number of Nodes with overlaps = 4
 Number of Nodes with overlaps = 5
 Number of Nodes with overlaps = 3
 Number of Nodes with overlaps = 0
INFO: [Route 35-416] Intermediate Timing Summary | WNS=-0.183 | TNS=-0.199 | WHS=N/A    | THS=N/A    |

Phase 4.1 Global Iteration 0 | Checksum: 25e2800cc

Time (s): cpu = 00:01:00 ; elapsed = 00:00:37 . Memory (MB): peak = 3158.867 ; gain = 0.000 ; free physical = 193 ; free virtual = 16629

Phase 4.2 Global Iteration 1
 Number of Nodes with overlaps = 369
 Number of Nodes with overlaps = 176
 Number of Nodes with overlaps = 67
 Number of Nodes with overlaps = 39
 Number of Nodes with overlaps = 14
 Number of Nodes with overlaps = 8
 Number of Nodes with overlaps = 3
 Number of Nodes with overlaps = 0
INFO: [Route 35-416] Intermediate Timing Summary | WNS=0.032  | TNS=0.000  | WHS=N/A    | THS=N/A    |

Phase 4.2 Global Iteration 1 | Checksum: 1058f5ffb

Time (s): cpu = 00:01:08 ; elapsed = 00:00:43 . Memory (MB): peak = 3158.867 ; gain = 0.000 ; free physical = 186 ; free virtual = 16622

Phase 4.3 Global Iteration 2
 Number of Nodes with overlaps = 186
 Number of Nodes with overlaps = 91
 Number of Nodes with overlaps = 61
 Number of Nodes with overlaps = 32
 Number of Nodes with overlaps = 10
 Number of Nodes with overlaps = 7
 Number of Nodes with overlaps = 5
 Number of Nodes with overlaps = 1
 Number of Nodes with overlaps = 0
INFO: [Route 35-416] Intermediate Timing Summary | WNS=-0.061 | TNS=-0.061 | WHS=N/A    | THS=N/A    |

Phase 4.3 Global Iteration 2 | Checksum: 17aaaed17

Time (s): cpu = 00:01:15 ; elapsed = 00:00:48 . Memory (MB): peak = 3158.867 ; gain = 0.000 ; free physical = 186 ; free virtual = 16622
Phase 4 Rip-up And Reroute | Checksum: 17aaaed17

Time (s): cpu = 00:01:15 ; elapsed = 00:00:49 . Memory (MB): peak = 3158.867 ; gain = 0.000 ; free physical = 186 ; free virtual = 16622

Phase 5 Delay and Skew Optimization

Phase 5.1 Delay CleanUp

Phase 5.1.1 Update Timing
Phase 5.1.1 Update Timing | Checksum: 1aecde474

Time (s): cpu = 00:01:17 ; elapsed = 00:00:49 . Memory (MB): peak = 3158.867 ; gain = 0.000 ; free physical = 187 ; free virtual = 16623
INFO: [Route 35-416] Intermediate Timing Summary | WNS=0.039  | TNS=0.000  | WHS=N/A    | THS=N/A    |

Phase 5.1 Delay CleanUp | Checksum: 1aecde474

Time (s): cpu = 00:01:17 ; elapsed = 00:00:49 . Memory (MB): peak = 3158.867 ; gain = 0.000 ; free physical = 187 ; free virtual = 16623

Phase 5.2 Clock Skew Optimization
Phase 5.2 Clock Skew Optimization | Checksum: 1aecde474

Time (s): cpu = 00:01:17 ; elapsed = 00:00:49 . Memory (MB): peak = 3158.867 ; gain = 0.000 ; free physical = 187 ; free virtual = 16623
Phase 5 Delay and Skew Optimization | Checksum: 1aecde474

Time (s): cpu = 00:01:17 ; elapsed = 00:00:49 . Memory (MB): peak = 3158.867 ; gain = 0.000 ; free physical = 187 ; free virtual = 16623

Phase 6 Post Hold Fix

Phase 6.1 Hold Fix Iter

Phase 6.1.1 Update Timing
Phase 6.1.1 Update Timing | Checksum: 1c74cbf3d

Time (s): cpu = 00:01:19 ; elapsed = 00:00:50 . Memory (MB): peak = 3158.867 ; gain = 0.000 ; free physical = 187 ; free virtual = 16623
INFO: [Route 35-416] Intermediate Timing Summary | WNS=0.039  | TNS=0.000  | WHS=-0.020 | THS=-0.020 |

Phase 6.1 Hold Fix Iter | Checksum: 109ad3d71

Time (s): cpu = 00:01:19 ; elapsed = 00:00:50 . Memory (MB): peak = 3158.867 ; gain = 0.000 ; free physical = 187 ; free virtual = 16623
Phase 6 Post Hold Fix | Checksum: 77ebe0f7

Time (s): cpu = 00:01:19 ; elapsed = 00:00:50 . Memory (MB): peak = 3158.867 ; gain = 0.000 ; free physical = 187 ; free virtual = 16623

Phase 7 Route finalize

Router Utilization Summary
  Global Vertical Routing Utilization    = 3.52261 %
  Global Horizontal Routing Utilization  = 3.75547 %
  Routable Net Status*
  *Does not include unroutable nets such as driverless and loadless.
  Run report_route_status for detailed report.
  Number of Failed Nets               = 0
    (Failed Nets is the sum of unrouted and partially routed nets)
  Number of Unrouted Nets             = 0
  Number of Partially Routed Nets     = 0
  Number of Node Overlaps             = 0

Phase 7 Route finalize | Checksum: f0a50f6e

Time (s): cpu = 00:01:19 ; elapsed = 00:00:50 . Memory (MB): peak = 3158.867 ; gain = 0.000 ; free physical = 187 ; free virtual = 16623

Phase 8 Verifying routed nets

 Verification completed successfully
Phase 8 Verifying routed nets | Checksum: f0a50f6e

Time (s): cpu = 00:01:19 ; elapsed = 00:00:50 . Memory (MB): peak = 3158.867 ; gain = 0.000 ; free physical = 188 ; free virtual = 16625

Phase 9 Depositing Routes
Phase 9 Depositing Routes | Checksum: 14b4880a1

Time (s): cpu = 00:01:20 ; elapsed = 00:00:51 . Memory (MB): peak = 3158.867 ; gain = 0.000 ; free physical = 188 ; free virtual = 16625

Phase 10 Post Router Timing

Phase 10.1 Update Timing
Phase 10.1 Update Timing | Checksum: 149cd54ce

Time (s): cpu = 00:01:22 ; elapsed = 00:00:52 . Memory (MB): peak = 3158.867 ; gain = 0.000 ; free physical = 188 ; free virtual = 16625
INFO: [Route 35-57] Estimated Timing Summary | WNS=0.039  | TNS=0.000  | WHS=0.059  | THS=0.000  |

INFO: [Route 35-327] The final timing numbers are based on the router estimated timing analysis. For a complete and accurate timing signoff, please run report_timing_summary.
Phase 10 Post Router Timing | Checksum: 149cd54ce

Time (s): cpu = 00:01:22 ; elapsed = 00:00:52 . Memory (MB): peak = 3158.867 ; gain = 0.000 ; free physical = 188 ; free virtual = 16625
INFO: [Route 35-16] Router Completed Successfully

Phase 11 Post-Route Event Processing
Phase 11 Post-Route Event Processing | Checksum: 102ef7ca3

Time (s): cpu = 00:01:23 ; elapsed = 00:00:52 . Memory (MB): peak = 3158.867 ; gain = 0.000 ; free physical = 188 ; free virtual = 16625

Time (s): cpu = 00:01:23 ; elapsed = 00:00:52 . Memory (MB): peak = 3158.867 ; gain = 0.000 ; free physical = 188 ; free virtual = 16625

Routing Is Done.
INFO: [Common 17-83] Releasing license: Implementation
105 Infos, 0 Warnings, 0 Critical Warnings and 0 Errors encountered.
route_design completed successfully
route_design: Time (s): cpu = 00:01:25 ; elapsed = 00:00:54 . Memory (MB): peak = 3158.867 ; gain = 0.000 ; free physical = 188 ; free virtual = 16625
INFO: [runtcl-4] Executing : report_drc -file FPGA_CPU_32_bits_cache_drc_routed.rpt -pb FPGA_CPU_32_bits_cache_drc_routed.pb -rpx FPGA_CPU_32_bits_cache_drc_routed.rpx
Command: report_drc -file FPGA_CPU_32_bits_cache_drc_routed.rpt -pb FPGA_CPU_32_bits_cache_drc_routed.pb -rpx FPGA_CPU_32_bits_cache_drc_routed.rpx
INFO: [IP_Flow 19-1839] IP Catalog is up to date.
INFO: [DRC 23-27] Running DRC with 8 threads
INFO: [Vivado_Tcl 2-168] The results of DRC are in file /home/graham/Documents/src/FPGA_CPU_32_DDR_cache/FPGA_CPU_32_DDR_cache.runs/impl_1/FPGA_CPU_32_bits_cache_drc_routed.rpt.
report_drc completed successfully
INFO: [runtcl-4] Executing : report_methodology -file FPGA_CPU_32_bits_cache_methodology_drc_routed.rpt -pb FPGA_CPU_32_bits_cache_methodology_drc_routed.pb -rpx FPGA_CPU_32_bits_cache_methodology_drc_routed.rpx
Command: report_methodology -file FPGA_CPU_32_bits_cache_methodology_drc_routed.rpt -pb FPGA_CPU_32_bits_cache_methodology_drc_routed.pb -rpx FPGA_CPU_32_bits_cache_methodology_drc_routed.rpx
INFO: [Timing 38-35] Done setting XDC timing constraints.
INFO: [DRC 23-133] Running Methodology with 8 threads
INFO: [Vivado_Tcl 2-1520] The results of Report Methodology are in file /home/graham/Documents/src/FPGA_CPU_32_DDR_cache/FPGA_CPU_32_DDR_cache.runs/impl_1/FPGA_CPU_32_bits_cache_methodology_drc_routed.rpt.
report_methodology completed successfully
INFO: [runtcl-4] Executing : report_power -file FPGA_CPU_32_bits_cache_power_routed.rpt -pb FPGA_CPU_32_bits_cache_power_summary_routed.pb -rpx FPGA_CPU_32_bits_cache_power_routed.rpx
Command: report_power -file FPGA_CPU_32_bits_cache_power_routed.rpt -pb FPGA_CPU_32_bits_cache_power_summary_routed.pb -rpx FPGA_CPU_32_bits_cache_power_routed.rpx
INFO: [Timing 38-35] Done setting XDC timing constraints.
Running Vector-less Activity Propagation...

Finished Running Vector-less Activity Propagation
115 Infos, 0 Warnings, 0 Critical Warnings and 0 Errors encountered.
report_power completed successfully
INFO: [runtcl-4] Executing : report_route_status -file FPGA_CPU_32_bits_cache_route_status.rpt -pb FPGA_CPU_32_bits_cache_route_status.pb
INFO: [runtcl-4] Executing : report_timing_summary -max_paths 10 -report_unconstrained -file FPGA_CPU_32_bits_cache_timing_summary_routed.rpt -pb FPGA_CPU_32_bits_cache_timing_summary_routed.pb -rpx FPGA_CPU_32_bits_cache_timing_summary_routed.rpx -warn_on_violation 
INFO: [Timing 38-91] UpdateTimingParams: Speed grade: -1, Delay Type: min_max.
INFO: [Timing 38-191] Multithreading enabled for timing update using a maximum of 8 CPUs
INFO: [runtcl-4] Executing : report_incremental_reuse -file FPGA_CPU_32_bits_cache_incremental_reuse_routed.rpt
INFO: [Vivado_Tcl 4-1062] Incremental flow is disabled. No incremental reuse Info to report.
INFO: [runtcl-4] Executing : report_clock_utilization -file FPGA_CPU_32_bits_cache_clock_utilization_routed.rpt
INFO: [runtcl-4] Executing : report_bus_skew -warn_on_violation -file FPGA_CPU_32_bits_cache_bus_skew_routed.rpt -pb FPGA_CPU_32_bits_cache_bus_skew_routed.pb -rpx FPGA_CPU_32_bits_cache_bus_skew_routed.rpx
INFO: [Timing 38-91] UpdateTimingParams: Speed grade: -1, Delay Type: min_max.
INFO: [Timing 38-191] Multithreading enabled for timing update using a maximum of 8 CPUs
INFO: [Timing 38-480] Writing timing data to binary archive.
Writing XDEF routing.
Writing XDEF routing logical nets.
Writing XDEF routing special nets.
Write XDEF Complete: Time (s): cpu = 00:00:02 ; elapsed = 00:00:01 . Memory (MB): peak = 3240.312 ; gain = 0.000 ; free physical = 220 ; free virtual = 16595
INFO: [Common 17-1381] The checkpoint '/home/graham/Documents/src/FPGA_CPU_32_DDR_cache/FPGA_CPU_32_DDR_cache.runs/impl_1/FPGA_CPU_32_bits_cache_routed.dcp' has been generated.
Command: write_bitstream -force FPGA_CPU_32_bits_cache.bit
Attempting to get a license for feature 'Implementation' and/or device 'xc7a100t'
INFO: [Common 17-349] Got license for feature 'Implementation' and/or device 'xc7a100t'
Running DRC as a precondition to command write_bitstream
INFO: [IP_Flow 19-1839] IP Catalog is up to date.
INFO: [DRC 23-27] Running DRC with 8 threads
INFO: [Vivado 12-3199] DRC finished with 0 Errors, 1 Warnings
INFO: [Vivado 12-3200] Please refer to the DRC report (report_drc) for more information.
INFO: [Designutils 20-2272] Running write_bitstream with 8 threads.
Loading data files...
Loading site data...
Loading route data...
Processing options...
Creating bitmap...
Creating bitstream...
Bitstream compression saved 15268768 bits.
Writing bitstream ./FPGA_CPU_32_bits_cache.bit...
INFO: [Vivado 12-1842] Bitgen Completed Successfully.
INFO: [Project 1-1876] WebTalk data collection is mandatory when using a ULT device. To see the specific WebTalk data collected for your design, open the usage_statistics_webtalk.html or usage_statistics_webtalk.xml file in the implementation directory.
INFO: [Common 17-83] Releasing license: Implementation
14 Infos, 0 Warnings, 0 Critical Warnings and 0 Errors encountered.
write_bitstream completed successfully
write_bitstream: Time (s): cpu = 00:00:28 ; elapsed = 00:00:25 . Memory (MB): peak = 3628.973 ; gain = 388.660 ; free physical = 221 ; free virtual = 16168
INFO: [Common 17-206] Exiting Vivado at Wed Jul  5 21:43:52 2023...
