Copyright 1986-2022 Xilinx, Inc. All Rights Reserved. Copyright 2022-2024 Advanced Micro Devices, Inc. All Rights Reserved.
---------------------------------------------------------------------------------------------------------------------------------------------
| Tool Version : Vivado v.2024.2 (lin64) Build 5239630 Fri Nov 08 22:34:34 MST 2024
| Date         : Mon Mar  3 15:28:28 2025
| Host         : Garuda running 64-bit Garuda Linux Broadwing
| Command      : upgrade_ip
| Device       : xc7a100tcsg324-1
---------------------------------------------------------------------------------------------------------------------------------------------

Upgrade Log for IP 'clk_wiz_0'

1. Summary
----------

SUCCESS in the upgrade of clk_wiz_0 (xilinx.com:ip:clk_wiz:6.0) from (Rev. 13) to (Rev. 15)






Copyright 1986-2022 Xilinx, Inc. All Rights Reserved. Copyright 2022-2024 Advanced Micro Devices, Inc. All Rights Reserved.
---------------------------------------------------------------------------------------------------------------------------------------------
| Tool Version : Vivado v.2024.2 (lin64) Build 5239630 Fri Nov 08 22:34:34 MST 2024
| Date         : Mon Mar  3 15:27:59 2025
| Host         : Garuda running 64-bit Garuda Linux Broadwing
| Command      : upgrade_ip
| Device       : xc7a100tcsg324-1
---------------------------------------------------------------------------------------------------------------------------------------------

Upgrade Log for IP 'mig_7series_0'

1. Summary
----------

SUCCESS in the update of mig_7series_0 (xilinx.com:ip:mig_7series:4.2 (Rev. 1)) to current project options.






Copyright 1986-2022 Xilinx, Inc. All Rights Reserved. Copyright 2022-2023 Advanced Micro Devices, Inc. All Rights Reserved.
---------------------------------------------------------------------------------------------------------------------------------------------
| Tool Version : Vivado v.2023.2 (lin64) Build 4029153 Fri Oct 13 20:13:54 MDT 2023
| Date         : Wed May 15 14:21:23 2024
| Host         : kubuntu running 64-bit Ubuntu 24.04 LTS
| Command      : upgrade_ip
| Device       : xc7a100tcsg324-1
---------------------------------------------------------------------------------------------------------------------------------------------

Upgrade Log for IP 'clk_wiz_0'

1. Summary
----------

SUCCESS in the upgrade of clk_wiz_0 (xilinx.com:ip:clk_wiz:6.0) from (Rev. 12) to (Rev. 13)






Copyright 1986-2022 Xilinx, Inc. All Rights Reserved. Copyright 2022-2023 Advanced Micro Devices, Inc. All Rights Reserved.
---------------------------------------------------------------------------------------------------------------------------------------------
| Tool Version : Vivado v.2023.1 (lin64) Build 3865809 Sun May  7 15:04:56 MDT 2023
| Date         : Wed Jul  5 21:01:55 2023
| Host         : archlinux running 64-bit unknown
| Command      : upgrade_ip
| Device       : xc7a100tcsg324-1
---------------------------------------------------------------------------------------------------------------------------------------------

Upgrade Log for IP 'mig_7series_0'

1. Summary
----------

SUCCESS in the update of mig_7series_0 (xilinx.com:ip:mig_7series:4.2 (Rev. 1)) to current project options.






Copyright 1986-2022 Xilinx, Inc. All Rights Reserved. Copyright 2022-2023 Advanced Micro Devices, Inc. All Rights Reserved.
---------------------------------------------------------------------------------------------------------------------------------------------
| Tool Version : Vivado v.2023.1 (lin64) Build 3865809 Sun May  7 15:04:56 MDT 2023
| Date         : Wed Jul  5 20:45:27 2023
| Host         : archlinux running 64-bit unknown
| Command      : upgrade_ip
| Device       : xc7a100tcsg324-1
---------------------------------------------------------------------------------------------------------------------------------------------

Upgrade Log for IP 'clk_wiz_0'

1. Summary
----------

SUCCESS in the update of clk_wiz_0 (xilinx.com:ip:clk_wiz:6.0 (Rev. 12)) to current project options.

